<?xml version="1.0" encoding="UTF-8"?>
<!-- Generated by org.testng.reporters.JUnitReportReporter -->
<testsuite hostname="DESKTOP-2E06NC5" failures="0" tests="3" name="tests.LoginTest" time="19.387" errors="0" timestamp="2026-09-20T16:51:43 PKT" skipped="0">
  <testcase classname="tests.LoginTest" name="testLoginWithXMLData" time="12.337"/>
  <testcase classname="tests.LoginTest" name="testLoginWithXMLData" time="4.334"/>
  <testcase classname="tests.LoginTest" name="testLoginWithXMLData" time="2.716"/>
</testsuite> <!-- tests.LoginTest -->
