<?xml version="1.0" encoding="UTF-8"?>
<!-- Generated by org.testng.reporters.JUnitXMLReporter -->
<testsuite ignored="0" hostname="DESKTOP-2E06NC5" failures="0" tests="3" name="Surefire test" time="19.482" errors="0" timestamp="2026-09-20T16:51:43 PKT">
  <testcase classname="tests.LoginTest" name="testLoginWithXMLData" time="0.593"/>
  <testcase classname="tests.LoginTest" name="testLoginWithXMLData" time="0.72"/>
  <testcase classname="tests.LoginTest" name="testLoginWithXMLData" time="0.506"/>
</testsuite> <!-- Surefire test -->
