<?xml version="1.0" encoding="UTF-8"?>
<testng-results ignored="0" total="3" passed="3" failed="0" skipped="0">
  <reporter-output>
  </reporter-output>
  <suite started-at="2026-09-20T16:51:23 PKT" name="Surefire suite" finished-at="2026-09-20T16:51:43 PKT" duration-ms="19482">
    <groups>
    </groups>
    <test started-at="2026-09-20T16:51:23 PKT" name="Surefire test" finished-at="2026-09-20T16:51:43 PKT" duration-ms="19482">
      <class name="tests.LoginTest">
        <test-method is-config="true" signature="setup()[pri:0, instance:tests.LoginTest@6193932a]" started-at="2026-09-20T16:51:23 PKT" name="setup" finished-at="2026-09-20T16:51:35 PKT" duration-ms="11571" status="PASS">
          <reporter-output>
          </reporter-output>
        </test-method> <!-- setup -->
        <test-method signature="testLoginWithXMLData(java.lang.String,java.lang.String,java.lang.String)[pri:0, instance:tests.LoginTest@6193932a]" started-at="2026-09-20T16:51:35 PKT" name="testLoginWithXMLData" data-provider="loginXmlData" finished-at="2026-09-20T16:51:35 PKT" duration-ms="593" status="PASS">
          <params>
            <param index="0">
              <value>
                <![CDATA[standard_user]]>
              </value>
            </param>
            <param index="1">
              <value>
                <![CDATA[secret_sauce]]>
              </value>
            </param>
            <param index="2">
              <value>
                <![CDATA[inventory.html]]>
              </value>
            </param>
          </params>
          <reporter-output>
          </reporter-output>
        </test-method> <!-- testLoginWithXMLData -->
        <test-method is-config="true" signature="tearDown()[pri:0, instance:tests.LoginTest@6193932a]" started-at="2026-09-20T16:51:35 PKT" name="tearDown" finished-at="2026-09-20T16:51:36 PKT" duration-ms="173" status="PASS">
          <reporter-output>
          </reporter-output>
        </test-method> <!-- tearDown -->
        <test-method is-config="true" signature="setup()[pri:0, instance:tests.LoginTest@6193932a]" started-at="2026-09-20T16:51:36 PKT" name="setup" finished-at="2026-09-20T16:51:39 PKT" duration-ms="3678" status="PASS">
          <reporter-output>
          </reporter-output>
        </test-method> <!-- setup -->
        <test-method signature="testLoginWithXMLData(java.lang.String,java.lang.String,java.lang.String)[pri:0, instance:tests.LoginTest@6193932a]" started-at="2026-09-20T16:51:39 PKT" name="testLoginWithXMLData" data-provider="loginXmlData" finished-at="2026-09-20T16:51:40 PKT" duration-ms="720" status="PASS">
          <params>
            <param index="0">
              <value>
                <![CDATA[locked_out_user]]>
              </value>
            </param>
            <param index="1">
              <value>
                <![CDATA[secret_sauce]]>
              </value>
            </param>
            <param index="2">
              <value>
                <![CDATA[Sorry, this user has been locked out]]>
              </value>
            </param>
          </params>
          <reporter-output>
          </reporter-output>
        </test-method> <!-- testLoginWithXMLData -->
        <test-method is-config="true" signature="tearDown()[pri:0, instance:tests.LoginTest@6193932a]" started-at="2026-09-20T16:51:40 PKT" name="tearDown" finished-at="2026-09-20T16:51:40 PKT" duration-ms="232" status="PASS">
          <reporter-output>
          </reporter-output>
        </test-method> <!-- tearDown -->
        <test-method is-config="true" signature="setup()[pri:0, instance:tests.LoginTest@6193932a]" started-at="2026-09-20T16:51:40 PKT" name="setup" finished-at="2026-09-20T16:51:42 PKT" duration-ms="1764" status="PASS">
          <reporter-output>
          </reporter-output>
        </test-method> <!-- setup -->
        <test-method signature="testLoginWithXMLData(java.lang.String,java.lang.String,java.lang.String)[pri:0, instance:tests.LoginTest@6193932a]" started-at="2026-09-20T16:51:42 PKT" name="testLoginWithXMLData" data-provider="loginXmlData" finished-at="2026-09-20T16:51:43 PKT" duration-ms="506" status="PASS">
          <params>
            <param index="0">
              <value>
                <![CDATA[invalid_user]]>
              </value>
            </param>
            <param index="1">
              <value>
                <![CDATA[secret_sauce]]>
              </value>
            </param>
            <param index="2">
              <value>
                <![CDATA[Username and password do not match]]>
              </value>
            </param>
          </params>
          <reporter-output>
          </reporter-output>
        </test-method> <!-- testLoginWithXMLData -->
        <test-method is-config="true" signature="tearDown()[pri:0, instance:tests.LoginTest@6193932a]" started-at="2026-09-20T16:51:43 PKT" name="tearDown" finished-at="2026-09-20T16:51:43 PKT" duration-ms="150" status="PASS">
          <reporter-output>
          </reporter-output>
        </test-method> <!-- tearDown -->
      </class> <!-- tests.LoginTest -->
    </test> <!-- Surefire test -->
  </suite> <!-- Surefire suite -->
</testng-results>
